03/03/2020 18:39:41\ 
03/03/2020 18:39:44/justweather 
03/03/2020 18:39:54/updates 
03/03/2020 18:39:59/callClient GET 
03/03/2020 18:40:01/callClient POST 
03/03/2020 18:40:07/insertStudent 
03/03/2020 18:40:15/ping 
03/03/2020 18:57:45\ 
03/03/2020 19:57:59\ 
03/03/2020 19:58:25\ 
03/03/2020 19:59:23\ 
03/03/2020 20:00:57\ 
03/03/2020 20:01:40\ 
03/03/2020 20:03:29\ 
03/03/2020 20:03:32\ 
03/03/2020 20:03:39\ 
03/03/2020 20:03:57\ 
03/03/2020 20:05:19\ 
03/03/2020 20:05:24\ 
03/03/2020 20:05:29/updates 
03/03/2020 20:05:32\ 
03/03/2020 20:07:08\ 
03/03/2020 20:07:13/updates 
03/03/2020 20:07:15\ 
03/03/2020 20:09:39\ 
03/03/2020 20:10:01/justweather 
03/03/2020 20:10:09/updates 
03/03/2020 20:10:18/callClient GET 
03/03/2020 20:10:20/callClient POST 
03/03/2020 20:10:34/callClient GET 
03/03/2020 20:10:37/callClient POST 
03/03/2020 20:10:44/ping 
03/03/2020 20:11:50/insertStudent 
03/03/2020 20:16:22/callClient 
03/03/2020 20:16:39/student 
03/03/2020 20:17:03/student 
03/03/2020 20:17:03/student 
03/03/2020 20:18:21/student POST 
03/03/2020 20:18:27/student POST 
03/03/2020 20:18:32/student POST 
03/03/2020 20:19:28/student POST 
03/03/2020 20:19:38/student POST 
03/03/2020 20:20:29/student 
03/03/2020 20:20:43/student 
03/03/2020 20:20:45/student 
03/03/2020 20:20:56/student 
03/03/2020 20:20:57/student 
03/03/2020 20:21:01\ 
03/03/2020 20:21:05/student 
03/03/2020 20:21:37/student 
03/03/2020 20:21:38/student 
03/03/2020 20:21:53/student 
03/03/2020 20:21:54/student 
03/03/2020 20:21:55/student 
03/03/2020 20:22:45/student 
03/03/2020 20:22:51/student 
03/03/2020 20:24:01/student 
03/03/2020 20:24:06/student 
03/03/2020 20:24:08/student 
03/03/2020 20:25:18/student 
03/03/2020 20:26:13/student POST 
03/03/2020 20:28:58/student 
03/03/2020 20:28:59/student POST 
03/03/2020 20:29:02/student POST 
03/03/2020 20:29:06/student POST 
03/03/2020 20:29:12/student POST 
03/03/2020 20:33:55/updates 
03/03/2020 20:33:58/ 
03/03/2020 20:34:00\ 
03/03/2020 20:34:40\ 
03/03/2020 20:34:44/ 
03/03/2020 20:34:50/justweather 
03/03/2020 20:34:56/updates 
03/03/2020 20:35:01/callClient 
03/03/2020 20:35:04/callClient POST 
03/03/2020 20:35:10/insertStudent 
03/03/2020 20:35:24/ping 
03/03/2020 20:42:50/student 
03/03/2020 20:42:53/student POST 
03/03/2020 20:43:26/student 
03/03/2020 20:43:30/student POST 
03/03/2020 20:43:53/student 
03/03/2020 20:44:01/student POST 
03/03/2020 20:44:24/student POST 
03/03/2020 20:44:31/student POST 
03/03/2020 20:44:40/student POST 
03/03/2020 20:44:45/student POST 
03/03/2020 20:45:25/student POST 
03/03/2020 20:45:27/student 
03/03/2020 20:45:32/student POST 
03/03/2020 20:45:35/student POST 
03/03/2020 20:45:39/student POST 
03/03/2020 20:45:56/student POST 
03/03/2020 20:46:00/student POST 
03/03/2020 20:46:09/student 
03/03/2020 20:46:12/student POST 
03/03/2020 20:46:17/student POST 
03/03/2020 20:46:22/student POST 
03/03/2020 20:46:26/student POST 
03/03/2020 20:46:32/student POST 
03/03/2020 20:46:37/student POST 
03/03/2020 20:46:50/student POST 
03/03/2020 20:46:56/student 
03/03/2020 20:46:59/student POST 
03/03/2020 20:47:12/student POST 
